Arguments: 
  C:\Program Files\nodejs\node.exe C:\Program Files (x86)\Yarn\bin\yarn.js test

PATH: 
  C:\Users\jordanw\Desktop\cmder\vendor\conemu-maximus5\ConEmu\Scripts;C:\Users\jordanw\Desktop\cmder\vendor\conemu-maximus5;C:\Users\jordanw\Desktop\cmder\vendor\conemu-maximus5\ConEmu;C:\Program Files (x86)\Intel\Intel(R) Management Engine Components\iCLS\;C:\Program Files\Intel\Intel(R) Management Engine Components\iCLS\;C:\WINDOWS\system32;C:\WINDOWS;C:\WINDOWS\System32\Wbem;C:\WINDOWS\System32\WindowsPowerShell\v1.0\;C:\WINDOWS\System32\OpenSSH\;C:\Program Files\Microsoft VS Code\bin;C:\Program Files (x86)\gnupg\bin;C:\Program Files\Git\cmd;C:\Program Files\Git\mingw64\bin;C:\Program Files\Git\usr\bin;C:\Users\jordanw\AppData\Roaming\nvm;C:\Program Files\nodejs;C:\Program Files (x86)\Windows Kits\8.1\Windows Performance Toolkit\;C:\Program Files (x86)\Yarn\bin\;C:\Program Files\Git LFS;C:\Program Files\PuTTY\;C:\Program Files\Microsoft SQL Server\110\Tools\Binn\;C:\Program Files (x86)\Microsoft SDKs\TypeScript\1.0\;C:\Program Files\Microsoft SQL Server\120\Tools\Binn\;C:\Program Files\Docker\Docker\resources\bin;C:\ProgramData\DockerDesktop\version-bin;C:\kubectl;C:\Users\jordanw\.windows-build-tools\python27\;C:\Users\jordanw\AppData\Local\Microsoft\WindowsApps;C:\Users\jordanw\AppData\Local\atom\bin;C:\Users\jordanw\AppData\Local\Yarn\bin;C:\skaffold;C:\Program Files\MongoDB\Server\4.2\bin;C:\Windows\System32;C:\Users\jordanw\AppData\Local\Microsoft\WindowsApps;C:\Program Files\Git\cmd;C:\Program Files\Git\mingw64\bin;C:\Program Files\Git\usr\bin;C:\Users\jordanw\Desktop\cmder\vendor\bin;C:\Users\jordanw\Desktop\cmder\bin;C:\Users\jordanw\Desktop\cmder;C:\Program Files\Git\mingw64\bin\usr\bin;C:\Users\jordanw\Desktop\cmder\vendor\bin;C:\Users\jordanw\Desktop\cmder;C:\Users\jordanw\Desktop\cmder\vendor\git-for-windows\cmd;C:\Users\jordanw\Desktop\cmder\vendor\git-for-windows\mingw64\bin;C:\Users\jordanw\Desktop\cmder\vendor\git-for-windows\usr\bin;C:\Users\jordanw\Desktop\cmder\vendor\bin;C:\Users\jordanw\Desktop\cmder

Yarn version: 
  1.21.1

Node version: 
  12.14.0

Platform: 
  win32 x64

Trace: 
  SyntaxError: C:\gitrepos\flowtype-arrow-parens-bug\package.json: Unexpected string in JSON at position 179
      at JSON.parse (<anonymous>)
      at C:\Program Files (x86)\Yarn\lib\cli.js:1625:59
      at Generator.next (<anonymous>)
      at step (C:\Program Files (x86)\Yarn\lib\cli.js:310:30)
      at C:\Program Files (x86)\Yarn\lib\cli.js:321:13

npm manifest: 
  {
    "name": "flowtype-arrow-parens-bug",
    "version": "0.0.1",
    "description": "",
    "main": "index.js",
    "scripts": {
      "test": "yarn lint",
      "lint": "eslint ./src/**.jsx""
    },
    "author": "jordanw@axosoft.com",
    "license": "MIT",
    "dependencies": {
      "@babel/core": "^7.1.0",
      "babel-eslint": "^10.0.3",
      "eslint": "^6.8.0",
      "eslint-plugin-flowtype": "^4.7.0"
    }
  }

yarn manifest: 
  No manifest

Lockfile: 
  No lockfile
